  bash arg: -p
  bash arg: com.alashow.live
  bash arg: -s
  bash arg: 20199
  bash arg: --pct-touch
  bash arg: 70
  bash arg: --pct-motion
  bash arg: 30
  bash arg: --ignore-crashes
  bash arg: --ignore-timeouts
  bash arg: --monitor-native-crashes
  bash arg: --throttle
  bash arg: 200
  bash arg: -v
  bash arg: -v
  bash arg: 500
:Monkey: seed=20199 count=500
:AllowPackage: com.alashow.live
:IncludeCategory: android.intent.category.LAUNCHER
:IncludeCategory: android.intent.category.MONKEY
// Selecting main activities from category android.intent.category.LAUNCHER
//   + Using main activity com.alashow.live.SplashActivity (from package com.alashow.live)
// Selecting main activities from category android.intent.category.MONKEY
// Seeded: 20199
// Event percentages:
//   0: 70.0%
//   1: 30.0%
//   2: 0.0%
//   3: 0.0%
//   4: -0.0%
//   5: -0.0%
//   6: 0.0%
//   7: 0.0%
//   8: 0.0%
//   9: 0.0%
//   10: 0.0%
//   11: 0.0%
:Switch: #Intent;action=android.intent.action.MAIN;category=android.intent.category.LAUNCHER;launchFlags=0x10200000;component=com.alashow.live/.SplashActivity;end
    // Allowing start of Intent { act=android.intent.action.MAIN cat=[android.intent.category.LAUNCHER] cmp=com.alashow.live/.SplashActivity } in package com.alashow.live
    // Allowing start of Intent { act=android.intent.action.MAIN cat=[android.intent.category.LAUNCHER] cmp=com.alashow.live/.SplashActivity } in package com.alashow.live
Sleeping for 200 milliseconds
:Sending Touch (ACTION_DOWN): 0:(1031.0,107.0)
:Sending Touch (ACTION_UP): 0:(1034.8298,90.62174)
Sleeping for 200 milliseconds
:Sending Touch (ACTION_DOWN): 0:(412.0,1112.0)
:Sending Touch (ACTION_MOVE): 0:(408.13907,1117.2532)
:Sending Touch (ACTION_MOVE): 0:(404.53287,1125.3588)
:Sending Touch (ACTION_MOVE): 0:(396.20377,1126.9121)
:Sending Touch (ACTION_MOVE): 0:(390.67877,1132.8015)
:Sending Touch (ACTION_MOVE): 0:(384.00323,1147.3578)
:Sending Touch (ACTION_MOVE): 0:(381.45615,1158.593)
:Sending Touch (ACTION_MOVE): 0:(380.71982,1169.6804)
:Sending Touch (ACTION_MOVE): 0:(373.36066,1175.0845)
:Sending Touch (ACTION_MOVE): 0:(371.5625,1187.8163)
:Sending Touch (ACTION_UP): 0:(368.50525,1202.5826)
Sleeping for 200 milliseconds
:Sending Touch (ACTION_DOWN): 0:(242.0,1275.0)
:Sending Touch (ACTION_MOVE): 0:(241.42232,1291.8158)
:Sending Touch (ACTION_MOVE): 0:(232.3355,1294.2025)
:Sending Touch (ACTION_MOVE): 0:(219.9118,1296.7279)
:Sending Touch (ACTION_MOVE): 0:(211.68538,1307.8595)
:Sending Touch (ACTION_MOVE): 0:(205.53105,1320.2755)
:Sending Touch (ACTION_UP): 0:(198.63869,1340.1869)
Sleeping for 200 milliseconds
:Sending Touch (ACTION_DOWN): 0:(326.0,1457.0)
:Sending Touch (ACTION_UP): 0:(324.84753,1446.2794)
Sleeping for 200 milliseconds
:Sending Touch (ACTION_DOWN): 0:(220.0,2029.0)
:Sending Touch (ACTION_UP): 0:(228.7641,2023.8315)
Sleeping for 200 milliseconds
:Sending Touch (ACTION_DOWN): 0:(157.0,780.0)
:Sending Touch (ACTION_UP): 0:(154.8879,778.0571)
Sleeping for 200 milliseconds
:Sending Touch (ACTION_DOWN): 0:(157.0,183.0)
:Sending Touch (ACTION_MOVE): 0:(158.32898,182.46616)
:Sending Touch (ACTION_MOVE): 0:(161.45844,171.90878)
:Sending Touch (ACTION_MOVE): 0:(164.33829,167.42847)
:Sending Touch (ACTION_MOVE): 0:(165.40529,157.66533)
:Sending Touch (ACTION_MOVE): 0:(167.7276,153.19072)
:Sending Touch (ACTION_MOVE): 0:(168.24353,151.34131)
:Sending Touch (ACTION_MOVE): 0:(170.40277,146.17757)
:Sending Touch (ACTION_MOVE): 0:(173.12984,133.60205)
:Sending Touch (ACTION_UP): 0:(176.42693,126.67475)
Sleeping for 200 milliseconds
:Sending Touch (ACTION_DOWN): 0:(658.0,1567.0)
:Sending Touch (ACTION_UP): 0:(656.4139,1566.6864)
Sleeping for 200 milliseconds
:Sending Touch (ACTION_DOWN): 0:(493.0,1158.0)
:Sending Touch (ACTION_UP): 0:(493.552,1155.7451)
Sleeping for 200 milliseconds
    // Allowing start of Intent { cmp=com.alashow.live/cn.citytag.live.view.activity.LiveFinishActivity } in package com.alashow.live
    // Allowing start of Intent { cmp=com.alashow.live/cn.citytag.live.view.activity.LiveFinishActivity } in package com.alashow.live
:Sending Touch (ACTION_DOWN): 0:(961.0,613.0)
:Sending Touch (ACTION_UP): 0:(977.36536,607.41364)
Sleeping for 200 milliseconds
:Sending Touch (ACTION_DOWN): 0:(1059.0,1389.0)
:Sending Touch (ACTION_UP): 0:(1048.7009,1403.9384)
Sleeping for 200 milliseconds
:Sending Touch (ACTION_DOWN): 0:(880.0,996.0)
:Sending Touch (ACTION_UP): 0:(898.0018,984.7114)
Sleeping for 200 milliseconds
:Sending Touch (ACTION_DOWN): 0:(1.0,1705.0)
:Sending Touch (ACTION_UP): 0:(0.0,1700.3954)
Sleeping for 200 milliseconds
:Sending Touch (ACTION_DOWN): 0:(254.0,492.0)
:Sending Touch (ACTION_UP): 0:(243.37068,493.01413)
Sleeping for 200 milliseconds
:Sending Touch (ACTION_DOWN): 0:(808.0,801.0)
:Sending Touch (ACTION_UP): 0:(789.8275,802.15216)
Sleeping for 200 milliseconds
:Sending Touch (ACTION_DOWN): 0:(694.0,745.0)
:Sending Touch (ACTION_UP): 0:(711.3115,743.31805)
Sleeping for 200 milliseconds
:Sending Touch (ACTION_DOWN): 0:(698.0,1692.0)
:Sending Touch (ACTION_UP): 0:(685.21155,1697.5906)
Sleeping for 200 milliseconds
:Sending Touch (ACTION_DOWN): 0:(51.0,1574.0)
:Sending Touch (ACTION_MOVE): 0:(48.713295,1570.9485)
:Sending Touch (ACTION_MOVE): 0:(40.176243,1569.1877)
:Sending Touch (ACTION_MOVE): 0:(36.542336,1562.5371)
:Sending Touch (ACTION_MOVE): 0:(29.231491,1559.0055)
:Sending Touch (ACTION_MOVE): 0:(25.505514,1553.3304)
:Sending Touch (ACTION_UP): 0:(19.226536,1551.1049)
Sleeping for 200 milliseconds
:Sending Touch (ACTION_DOWN): 0:(1046.0,1545.0)
:Sending Touch (ACTION_UP): 0:(1051.6361,1532.1812)
Sleeping for 200 milliseconds
:Sending Touch (ACTION_DOWN): 0:(625.0,234.0)
:Sending Touch (ACTION_UP): 0:(630.9602,239.53497)
Sleeping for 200 milliseconds
:Sending Touch (ACTION_DOWN): 0:(56.0,1049.0)
:Sending Touch (ACTION_UP): 0:(51.042747,1049.3314)
Sleeping for 200 milliseconds
:Sending Touch (ACTION_DOWN): 0:(1063.0,2094.0)
:Sending Touch (ACTION_UP): 0:(1063.4791,2085.523)
Sleeping for 200 milliseconds
    // Allowing start of Intent { cmp=com.alashow.live/cn.citytag.live.view.activity.LiveFinishActivity } in package com.alashow.live
    // Allowing start of Intent { cmp=com.alashow.live/cn.citytag.live.view.activity.LiveFinishActivity } in package com.alashow.live
:Sending Touch (ACTION_DOWN): 0:(972.0,2078.0)
:Sending Touch (ACTION_MOVE): 0:(972.59576,2067.5771)
:Sending Touch (ACTION_MOVE): 0:(995.31964,2060.0723)
:Sending Touch (ACTION_UP): 0:(996.66113,2046.0436)
Sleeping for 200 milliseconds
:Sending Touch (ACTION_DOWN): 0:(274.0,376.0)
:Sending Touch (ACTION_UP): 0:(272.33676,378.88525)
Sleeping for 200 milliseconds
:Sending Touch (ACTION_DOWN): 0:(1065.0,1523.0)
:Sending Touch (ACTION_UP): 0:(1058.7438,1523.7838)
Sleeping for 200 milliseconds
:Sending Touch (ACTION_DOWN): 0:(724.0,1696.0)
:Sending Touch (ACTION_UP): 0:(723.5762,1697.8605)
Sleeping for 200 milliseconds
:Sending Touch (ACTION_DOWN): 0:(294.0,2108.0)
:Sending Touch (ACTION_UP): 0:(293.79056,2098.8374)
Sleeping for 200 milliseconds
:Sending Touch (ACTION_DOWN): 0:(84.0,266.0)
:Sending Touch (ACTION_UP): 0:(85.04229,242.20645)
Sleeping for 200 milliseconds
:Sending Touch (ACTION_DOWN): 0:(626.0,447.0)
:Sending Touch (ACTION_UP): 0:(612.4158,426.93323)
Sleeping for 200 milliseconds
    // Allowing start of Intent { act=android.intent.action.VIEW dat=alalive://alalive.app/user/login cmp=com.alashow.live/user.maopao.com.user.view.activity.login.LandingActivity } in package com.alashow.live
    // Allowing start of Intent { act=android.intent.action.VIEW dat=alalive://alalive.app/user/login cmp=com.alashow.live/user.maopao.com.user.view.activity.login.LandingActivity } in package com.alashow.live
:Sending Touch (ACTION_DOWN): 0:(704.0,1002.0)
:Sending Touch (ACTION_UP): 0:(708.3546,987.9794)
Sleeping for 200 milliseconds
:Sending Touch (ACTION_DOWN): 0:(567.0,1552.0)
:Sending Touch (ACTION_UP): 0:(563.80145,1570.2574)
Sleeping for 200 milliseconds
:Sending Touch (ACTION_DOWN): 0:(713.0,1803.0)
:Sending Touch (ACTION_UP): 0:(724.6626,1812.9163)
Sleeping for 200 milliseconds
:Sending Touch (ACTION_DOWN): 0:(597.0,1959.0)
:Sending Touch (ACTION_UP): 0:(600.8449,1959.0887)
Sleeping for 200 milliseconds
:Sending Touch (ACTION_DOWN): 0:(613.0,1239.0)
:Sending Touch (ACTION_UP): 0:(614.2908,1230.4926)
Sleeping for 200 milliseconds
:Sending Touch (ACTION_DOWN): 0:(747.0,1567.0)
:Sending Touch (ACTION_MOVE): 0:(743.0753,1573.1575)
    //[calendar_time:2019-05-21 15:29:30.312  system_uptime:523100360]
    // Sending event #100
:Sending Touch (ACTION_MOVE): 0:(741.1028,1575.6157)
:Sending Touch (ACTION_MOVE): 0:(739.406,1578.4032)
:Sending Touch (ACTION_MOVE): 0:(733.104,1589.6852)
:Sending Touch (ACTION_MOVE): 0:(727.82245,1598.443)
:Sending Touch (ACTION_MOVE): 0:(725.5638,1605.1558)
:Sending Touch (ACTION_MOVE): 0:(719.49536,1618.5098)
:Sending Touch (ACTION_UP): 0:(713.8285,1623.9883)
Sleeping for 200 milliseconds
:Sending Touch (ACTION_DOWN): 0:(666.0,349.0)
:Sending Touch (ACTION_UP): 0:(659.5004,359.0547)
Sleeping for 200 milliseconds
:Sending Touch (ACTION_DOWN): 0:(594.0,906.0)
:Sending Touch (ACTION_UP): 0:(605.02936,908.5926)
Sleeping for 200 milliseconds
:Sending Touch (ACTION_DOWN): 0:(995.0,346.0)
:Sending Touch (ACTION_MOVE): 0:(1013.42993,342.44464)
:Sending Touch (ACTION_MOVE): 0:(1030.391,332.2905)
:Sending Touch (ACTION_MOVE): 0:(1044.9293,324.0767)
:Sending Touch (ACTION_MOVE): 0:(1054.0289,317.56558)
:Sending Touch (ACTION_MOVE): 0:(1073.3308,315.11053)
:Sending Touch (ACTION_MOVE): 0:(1077.9762,313.0463)
:Sending Touch (ACTION_MOVE): 0:(1080.0,307.12024)
:Sending Touch (ACTION_MOVE): 0:(1080.0,302.9391)
:Sending Touch (ACTION_UP): 0:(1080.0,300.7301)
Sleeping for 200 milliseconds
:Sending Touch (ACTION_DOWN): 0:(870.0,1492.0)
:Sending Touch (ACTION_UP): 0:(868.4116,1496.6193)
Sleeping for 200 milliseconds
:Sending Touch (ACTION_DOWN): 0:(600.0,1181.0)
:Sending Touch (ACTION_UP): 0:(597.0235,1181.0175)
Sleeping for 200 milliseconds
:Sending Touch (ACTION_DOWN): 0:(322.0,2015.0)
:Sending Touch (ACTION_MOVE): 0:(335.69458,2016.4225)
:Sending Touch (ACTION_MOVE): 0:(356.54993,2022.9102)
:Sending Touch (ACTION_MOVE): 0:(373.07755,2029.39)
:Sending Touch (ACTION_MOVE): 0:(373.23062,2032.7587)
:Sending Touch (ACTION_MOVE): 0:(382.48267,2046.0615)
:Sending Touch (ACTION_MOVE): 0:(382.89215,2050.625)
:Sending Touch (ACTION_MOVE): 0:(398.24823,2056.1448)
:Sending Touch (ACTION_MOVE): 0:(405.40555,2067.603)
:Sending Touch (ACTION_UP): 0:(418.22412,2074.568)
Sleeping for 200 milliseconds
:Sending Touch (ACTION_DOWN): 0:(503.0,1903.0)
:Sending Touch (ACTION_UP): 0:(505.51828,1902.5062)
Sleeping for 200 milliseconds
:Sending Touch (ACTION_DOWN): 0:(619.0,1952.0)
:Sending Touch (ACTION_UP): 0:(625.8586,1956.5612)
Sleeping for 200 milliseconds
:Sending Touch (ACTION_DOWN): 0:(869.0,1396.0)
:Sending Touch (ACTION_MOVE): 0:(877.21735,1394.7151)
:Sending Touch (ACTION_MOVE): 0:(883.86285,1387.5516)
:Sending Touch (ACTION_MOVE): 0:(898.38837,1383.2279)
:Sending Touch (ACTION_MOVE): 0:(899.20605,1376.9722)
:Sending Touch (ACTION_UP): 0:(903.57166,1372.9982)
Sleeping for 200 milliseconds
:Sending Touch (ACTION_DOWN): 0:(511.0,541.0)
:Sending Touch (ACTION_UP): 0:(513.87994,540.896)
Sleeping for 200 milliseconds
    // Allowing start of Intent { cmp=com.alashow.live/user.maopao.com.user.view.WebViewActivity } in package com.alashow.live
    // Allowing start of Intent { cmp=com.alashow.live/user.maopao.com.user.view.WebViewActivity } in package com.alashow.live
:Sending Touch (ACTION_DOWN): 0:(300.0,1454.0)
:Sending Touch (ACTION_UP): 0:(299.59534,1465.1531)
Sleeping for 200 milliseconds
:Sending Touch (ACTION_DOWN): 0:(339.0,1657.0)
:Sending Touch (ACTION_UP): 0:(357.40945,1659.6733)
Sleeping for 200 milliseconds
:Sending Touch (ACTION_DOWN): 0:(811.0,588.0)
:Sending Touch (ACTION_UP): 0:(793.2373,584.57086)
Sleeping for 200 milliseconds
:Sending Touch (ACTION_DOWN): 0:(104.0,126.0)
:Sending Touch (ACTION_UP): 0:(114.92149,126.066475)
Sleeping for 200 milliseconds
    // activityResuming(com.alashow.live)
:Sending Touch (ACTION_DOWN): 0:(196.0,8.0)
:Sending Touch (ACTION_MOVE): 0:(178.79889,6.667716)
:Sending Touch (ACTION_MOVE): 0:(175.17404,4.771581)
:Sending Touch (ACTION_MOVE): 0:(162.68983,2.04553)
:Sending Touch (ACTION_MOVE): 0:(159.20857,0.80457485)
:Sending Touch (ACTION_MOVE): 0:(148.54987,0.6379936)
:Sending Touch (ACTION_UP): 0:(143.47708,0.0)
Sleeping for 200 milliseconds
:Sending Touch (ACTION_DOWN): 0:(710.0,1707.0)
:Sending Touch (ACTION_UP): 0:(727.3997,1702.0073)
Sleeping for 200 milliseconds
:Sending Touch (ACTION_DOWN): 0:(1008.0,1664.0)
:Sending Touch (ACTION_UP): 0:(1003.86945,1661.1174)
Sleeping for 200 milliseconds
:Sending Touch (ACTION_DOWN): 0:(745.0,1097.0)
:Sending Touch (ACTION_MOVE): 0:(751.7991,1090.7769)
:Sending Touch (ACTION_MOVE): 0:(754.4937,1079.8746)
:Sending Touch (ACTION_MOVE): 0:(761.29,1077.4819)
:Sending Touch (ACTION_MOVE): 0:(765.879,1070.6355)
:Sending Touch (ACTION_MOVE): 0:(771.8532,1053.3501)
:Sending Touch (ACTION_UP): 0:(781.3162,1039.6096)
Sleeping for 200 milliseconds
:Sending Touch (ACTION_DOWN): 0:(964.0,291.0)
:Sending Touch (ACTION_UP): 0:(961.0595,291.71548)
Sleeping for 200 milliseconds
:Sending Touch (ACTION_DOWN): 0:(123.0,1772.0)
:Sending Touch (ACTION_UP): 0:(123.32224,1772.3511)
Sleeping for 200 milliseconds
:Sending Touch (ACTION_DOWN): 0:(1017.0,157.0)
:Sending Touch (ACTION_MOVE): 0:(1014.0167,159.75066)
:Sending Touch (ACTION_MOVE): 0:(1012.6082,161.84937)
:Sending Touch (ACTION_MOVE): 0:(1010.5899,163.20349)
:Sending Touch (ACTION_MOVE): 0:(1010.5734,165.65926)
:Sending Touch (ACTION_UP): 0:(1008.33203,166.08025)
Sleeping for 200 milliseconds
:Sending Touch (ACTION_DOWN): 0:(106.0,1248.0)
:Sending Touch (ACTION_MOVE): 0:(104.75628,1253.8663)
:Sending Touch (ACTION_MOVE): 0:(103.71572,1256.8358)
:Sending Touch (ACTION_MOVE): 0:(103.21339,1260.2888)
:Sending Touch (ACTION_MOVE): 0:(101.8989,1269.5753)
:Sending Touch (ACTION_MOVE): 0:(100.796104,1282.4977)
:Sending Touch (ACTION_MOVE): 0:(100.46022,1286.2275)
:Sending Touch (ACTION_MOVE): 0:(99.492645,1299.4082)
:Sending Touch (ACTION_MOVE): 0:(99.40231,1317.4419)
:Sending Touch (ACTION_UP): 0:(98.88377,1323.4247)
Sleeping for 200 milliseconds
:Sending Touch (ACTION_DOWN): 0:(219.0,1357.0)
:Sending Touch (ACTION_UP): 0:(223.6253,1354.1877)
Sleeping for 200 milliseconds
:Sending Touch (ACTION_DOWN): 0:(103.0,26.0)
:Sending Touch (ACTION_MOVE): 0:(97.5074,25.857206)
:Sending Touch (ACTION_MOVE): 0:(90.92504,11.360273)
:Sending Touch (ACTION_MOVE): 0:(83.2119,10.009724)
:Sending Touch (ACTION_MOVE): 0:(80.341064,6.4099107)
    //[calendar_time:2019-05-21 15:29:35.413  system_uptime:523105459]
    // Sending event #200
:Sending Touch (ACTION_UP): 0:(73.501785,0.0)
Sleeping for 200 milliseconds
:Sending Touch (ACTION_DOWN): 0:(153.0,2047.0)
:Sending Touch (ACTION_UP): 0:(165.25592,2052.0828)
Sleeping for 200 milliseconds
:Sending Touch (ACTION_DOWN): 0:(956.0,973.0)
:Sending Touch (ACTION_UP): 0:(953.4842,968.1654)
Sleeping for 200 milliseconds
:Sending Touch (ACTION_DOWN): 0:(788.0,808.0)
:Sending Touch (ACTION_UP): 0:(786.2361,809.35815)
Sleeping for 200 milliseconds
:Sending Touch (ACTION_DOWN): 0:(109.0,282.0)
:Sending Touch (ACTION_UP): 0:(87.74961,284.69955)
Sleeping for 200 milliseconds
    // activityResuming(com.alashow.live)
:Sending Touch (ACTION_DOWN): 0:(637.0,536.0)
:Sending Touch (ACTION_MOVE): 0:(634.1936,542.4697)
:Sending Touch (ACTION_MOVE): 0:(629.20667,559.09985)
:Sending Touch (ACTION_MOVE): 0:(629.10754,567.01715)
:Sending Touch (ACTION_UP): 0:(622.4385,583.09296)
Sleeping for 200 milliseconds
    // Allowing start of Intent { act=android.intent.action.VIEW dat=alalive://alalive.app/user/login cmp=com.alashow.live/user.maopao.com.user.view.activity.login.LandingActivity } in package com.alashow.live
    // Allowing start of Intent { act=android.intent.action.VIEW dat=alalive://alalive.app/user/login cmp=com.alashow.live/user.maopao.com.user.view.activity.login.LandingActivity } in package com.alashow.live
:Sending Touch (ACTION_DOWN): 0:(5.0,438.0)
:Sending Touch (ACTION_MOVE): 0:(1.830692,446.9879)
:Sending Touch (ACTION_MOVE): 0:(0.0,452.78738)
:Sending Touch (ACTION_MOVE): 0:(0.0,470.34103)
:Sending Touch (ACTION_MOVE): 0:(0.0,475.69485)
:Sending Touch (ACTION_MOVE): 0:(0.0,483.97266)
:Sending Touch (ACTION_UP): 0:(0.0,490.964)
Sleeping for 200 milliseconds
:Sending Touch (ACTION_DOWN): 0:(26.0,1930.0)
:Sending Touch (ACTION_UP): 0:(28.717146,1931.0516)
Sleeping for 200 milliseconds
:Sending Touch (ACTION_DOWN): 0:(897.0,443.0)
:Sending Touch (ACTION_UP): 0:(896.88055,430.5197)
Sleeping for 200 milliseconds
:Sending Touch (ACTION_DOWN): 0:(359.0,1672.0)
:Sending Touch (ACTION_MOVE): 0:(377.46506,1663.2554)
:Sending Touch (ACTION_MOVE): 0:(388.98828,1660.9984)
:Sending Touch (ACTION_MOVE): 0:(389.78247,1656.329)
:Sending Touch (ACTION_MOVE): 0:(404.54367,1643.399)
:Sending Touch (ACTION_MOVE): 0:(405.34396,1639.9329)
:Sending Touch (ACTION_MOVE): 0:(414.91626,1623.9144)
:Sending Touch (ACTION_MOVE): 0:(418.04456,1620.9435)
:Sending Touch (ACTION_UP): 0:(436.12515,1611.3837)
Sleeping for 200 milliseconds
:Sending Touch (ACTION_DOWN): 0:(951.0,662.0)
:Sending Touch (ACTION_UP): 0:(957.3788,658.4664)
Sleeping for 200 milliseconds
:Sending Touch (ACTION_DOWN): 0:(614.0,1969.0)
:Sending Touch (ACTION_UP): 0:(617.6115,1963.2788)
Sleeping for 200 milliseconds
:Sending Touch (ACTION_DOWN): 0:(478.0,245.0)
:Sending Touch (ACTION_UP): 0:(478.88266,244.7255)
Sleeping for 200 milliseconds
:Sending Touch (ACTION_DOWN): 0:(463.0,1296.0)
:Sending Touch (ACTION_UP): 0:(460.9104,1314.9934)
Sleeping for 200 milliseconds
:Sending Touch (ACTION_DOWN): 0:(471.0,717.0)
:Sending Touch (ACTION_UP): 0:(467.7655,721.7349)
Sleeping for 200 milliseconds
:Sending Touch (ACTION_DOWN): 0:(433.0,771.0)
:Sending Touch (ACTION_MOVE): 0:(453.74146,771.5681)
:Sending Touch (ACTION_MOVE): 0:(464.75165,772.9524)
:Sending Touch (ACTION_MOVE): 0:(464.8525,773.8478)
:Sending Touch (ACTION_MOVE): 0:(470.09378,774.9917)
:Sending Touch (ACTION_MOVE): 0:(479.29617,776.0149)
:Sending Touch (ACTION_MOVE): 0:(499.62357,776.39)
:Sending Touch (ACTION_MOVE): 0:(512.75824,777.98987)
:Sending Touch (ACTION_MOVE): 0:(526.68835,778.04315)
:Sending Touch (ACTION_UP): 0:(546.2708,778.13306)
Sleeping for 200 milliseconds
:Sending Touch (ACTION_DOWN): 0:(661.0,1812.0)
:Sending Touch (ACTION_UP): 0:(660.6543,1812.5504)
Sleeping for 200 milliseconds
:Sending Touch (ACTION_DOWN): 0:(593.0,770.0)
:Sending Touch (ACTION_UP): 0:(591.81757,767.7657)
Sleeping for 200 milliseconds
:Sending Touch (ACTION_DOWN): 0:(407.0,787.0)
:Sending Touch (ACTION_UP): 0:(401.72345,789.505)
Sleeping for 200 milliseconds
:Sending Touch (ACTION_DOWN): 0:(344.0,534.0)
:Sending Touch (ACTION_UP): 0:(341.56006,553.55695)
Sleeping for 200 milliseconds
    // Allowing start of Intent { cmp=com.alashow.live/user.maopao.com.user.view.WebViewActivity } in package com.alashow.live
    // Allowing start of Intent { cmp=com.alashow.live/user.maopao.com.user.view.WebViewActivity } in package com.alashow.live
:Sending Touch (ACTION_DOWN): 0:(719.0,1058.0)
:Sending Touch (ACTION_MOVE): 0:(706.8217,1053.9016)
:Sending Touch (ACTION_MOVE): 0:(704.531,1043.3687)
:Sending Touch (ACTION_MOVE): 0:(698.31036,1038.099)
:Sending Touch (ACTION_UP): 0:(688.67096,1032.0333)
Sleeping for 200 milliseconds
:Sending Touch (ACTION_DOWN): 0:(547.0,1640.0)
:Sending Touch (ACTION_UP): 0:(552.7811,1632.9598)
Sleeping for 200 milliseconds
:Sending Touch (ACTION_DOWN): 0:(629.0,1975.0)
:Sending Touch (ACTION_UP): 0:(620.5483,1987.5669)
Sleeping for 200 milliseconds
:Sending Touch (ACTION_DOWN): 0:(170.0,1249.0)
:Sending Touch (ACTION_UP): 0:(184.17725,1242.3357)
Sleeping for 200 milliseconds
:Sending Touch (ACTION_DOWN): 0:(657.0,1683.0)
:Sending Touch (ACTION_MOVE): 0:(672.70856,1682.8262)
:Sending Touch (ACTION_MOVE): 0:(674.5085,1679.1404)
:Sending Touch (ACTION_MOVE): 0:(686.11255,1677.7122)
:Sending Touch (ACTION_MOVE): 0:(693.88306,1673.9148)
:Sending Touch (ACTION_MOVE): 0:(700.07904,1672.0339)
:Sending Touch (ACTION_MOVE): 0:(714.66174,1668.5148)
:Sending Touch (ACTION_MOVE): 0:(726.9949,1667.31)
:Sending Touch (ACTION_MOVE): 0:(737.7911,1664.2953)
:Sending Touch (ACTION_UP): 0:(742.2009,1663.6534)
Sleeping for 200 milliseconds
:Sending Touch (ACTION_DOWN): 0:(841.0,130.0)
:Sending Touch (ACTION_MOVE): 0:(841.22876,128.84886)
:Sending Touch (ACTION_MOVE): 0:(848.3283,126.840515)
:Sending Touch (ACTION_MOVE): 0:(850.86084,123.40332)
:Sending Touch (ACTION_UP): 0:(854.0578,121.106346)
Sleeping for 200 milliseconds
:Sending Touch (ACTION_DOWN): 0:(778.0,741.0)
:Sending Touch (ACTION_UP): 0:(798.4487,739.21027)
Sleeping for 200 milliseconds
:Sending Touch (ACTION_DOWN): 0:(941.0,1608.0)
:Sending Touch (ACTION_MOVE): 0:(956.25214,1608.6451)
:Sending Touch (ACTION_MOVE): 0:(965.5883,1615.7971)
:Sending Touch (ACTION_MOVE): 0:(973.2255,1618.846)
:Sending Touch (ACTION_MOVE): 0:(989.81836,1625.1039)
:Sending Touch (ACTION_MOVE): 0:(1003.401,1629.0806)
:Sending Touch (ACTION_MOVE): 0:(1010.8376,1632.4609)
:Sending Touch (ACTION_UP): 0:(1021.6019,1640.8989)
Sleeping for 200 milliseconds
:Sending Touch (ACTION_DOWN): 0:(706.0,1708.0)
:Sending Touch (ACTION_UP): 0:(707.68146,1710.0195)
    //[calendar_time:2019-05-21 15:29:41.306  system_uptime:523111353]
    // Sending event #300
Sleeping for 200 milliseconds
    //[calendar_time:2019-05-21 15:29:41.508  system_uptime:523111554]
    // Sending event #300
:Sending Touch (ACTION_DOWN): 0:(603.0,355.0)
:Sending Touch (ACTION_UP): 0:(615.645,353.5025)
Sleeping for 200 milliseconds
:Sending Touch (ACTION_DOWN): 0:(1008.0,208.0)
:Sending Touch (ACTION_UP): 0:(998.835,189.45512)
Sleeping for 200 milliseconds
:Sending Touch (ACTION_DOWN): 0:(925.0,1916.0)
:Sending Touch (ACTION_UP): 0:(925.8571,1913.6187)
Sleeping for 200 milliseconds
:Sending Touch (ACTION_DOWN): 0:(199.0,1752.0)
:Sending Touch (ACTION_UP): 0:(203.75127,1769.5122)
Sleeping for 200 milliseconds
:Sending Touch (ACTION_DOWN): 0:(407.0,1098.0)
:Sending Touch (ACTION_UP): 0:(406.57654,1098.0428)
Sleeping for 200 milliseconds
:Sending Touch (ACTION_DOWN): 0:(128.0,1803.0)
:Sending Touch (ACTION_MOVE): 0:(144.30722,1812.1257)
:Sending Touch (ACTION_UP): 0:(162.10822,1815.7239)
Sleeping for 200 milliseconds
:Sending Touch (ACTION_DOWN): 0:(122.0,1400.0)
:Sending Touch (ACTION_UP): 0:(124.83864,1405.8594)
Sleeping for 200 milliseconds
:Sending Touch (ACTION_DOWN): 0:(378.0,699.0)
:Sending Touch (ACTION_MOVE): 0:(379.1524,698.6256)
:Sending Touch (ACTION_MOVE): 0:(383.76746,685.17395)
:Sending Touch (ACTION_MOVE): 0:(388.64792,678.26215)
:Sending Touch (ACTION_MOVE): 0:(401.6126,663.7612)
:Sending Touch (ACTION_MOVE): 0:(413.27316,650.45514)
:Sending Touch (ACTION_MOVE): 0:(421.62628,648.4445)
:Sending Touch (ACTION_MOVE): 0:(427.2899,643.46704)
:Sending Touch (ACTION_UP): 0:(435.01398,642.7473)
Sleeping for 200 milliseconds
:Sending Touch (ACTION_DOWN): 0:(566.0,240.0)
:Sending Touch (ACTION_UP): 0:(567.2603,222.49638)
Sleeping for 200 milliseconds
:Sending Touch (ACTION_DOWN): 0:(640.0,2043.0)
:Sending Touch (ACTION_UP): 0:(634.29803,2047.7977)
Sleeping for 200 milliseconds
:Sending Touch (ACTION_DOWN): 0:(609.0,892.0)
:Sending Touch (ACTION_MOVE): 0:(609.554,883.7067)
:Sending Touch (ACTION_MOVE): 0:(611.8928,873.2606)
:Sending Touch (ACTION_UP): 0:(611.91986,873.25555)
Sleeping for 200 milliseconds
:Sending Touch (ACTION_DOWN): 0:(496.0,117.0)
:Sending Touch (ACTION_UP): 0:(493.59946,124.72266)
Sleeping for 200 milliseconds
:Sending Touch (ACTION_DOWN): 0:(1037.0,1035.0)
:Sending Touch (ACTION_UP): 0:(1028.5913,1034.7046)
Sleeping for 200 milliseconds
:Sending Touch (ACTION_DOWN): 0:(445.0,1654.0)
:Sending Touch (ACTION_UP): 0:(439.74738,1658.5415)
Sleeping for 200 milliseconds
:Sending Touch (ACTION_DOWN): 0:(945.0,63.0)
:Sending Touch (ACTION_UP): 0:(946.4824,59.62296)
Sleeping for 200 milliseconds
:Sending Touch (ACTION_DOWN): 0:(92.0,953.0)
:Sending Touch (ACTION_UP): 0:(90.19946,956.12946)
Sleeping for 200 milliseconds
:Sending Touch (ACTION_DOWN): 0:(858.0,1906.0)
:Sending Touch (ACTION_MOVE): 0:(857.7412,1904.9568)
:Sending Touch (ACTION_UP): 0:(839.3706,1899.8475)
Sleeping for 200 milliseconds
:Sending Touch (ACTION_DOWN): 0:(778.0,1655.0)
:Sending Touch (ACTION_UP): 0:(778.94104,1663.1775)
Sleeping for 200 milliseconds
:Sending Touch (ACTION_DOWN): 0:(795.0,287.0)
:Sending Touch (ACTION_UP): 0:(805.5496,286.72226)
Sleeping for 200 milliseconds
:Sending Touch (ACTION_DOWN): 0:(733.0,70.0)
:Sending Touch (ACTION_UP): 0:(724.9152,60.136612)
Sleeping for 200 milliseconds
:Sending Touch (ACTION_DOWN): 0:(127.0,626.0)
:Sending Touch (ACTION_UP): 0:(126.935616,624.7068)
Sleeping for 200 milliseconds
:Sending Touch (ACTION_DOWN): 0:(154.0,1366.0)
:Sending Touch (ACTION_UP): 0:(164.48305,1382.0709)
Sleeping for 200 milliseconds
    // Rejecting start of Intent { act=android.intent.action.VIEW dat=mibrowser://infoflow?web_url=https://youliao.163yun.com/api-server/rss/xiaomi/item/IN2TESRVVDAO689.html?miref=newsin_push_model&mifloat=newscat&docid=030c5e9abf4ce4f3c9ee84f9eb8dd4ad&cp=cn-netease-youliao-browser&itemtype=news&first_launch_web=true&channel=推荐 cmp=com.android.browser/.MiSchemeDispatcherActivity } in package com.android.browser
    // Rejecting start of Intent { act=android.intent.action.VIEW dat=mibrowser://infoflow?web_url=https://youliao.163yun.com/api-server/rss/xiaomi/item/IN2TESRVVDAO689.html?miref=newsin_push_model&mifloat=newscat&docid=030c5e9abf4ce4f3c9ee84f9eb8dd4ad&cp=cn-netease-youliao-browser&itemtype=news&first_launch_web=true&channel=推荐 cmp=com.android.browser/.MiSchemeDispatcherActivity } in package com.android.browser
:Sending Touch (ACTION_DOWN): 0:(237.0,1115.0)
:Sending Touch (ACTION_UP): 0:(237.44112,1113.3715)
Sleeping for 200 milliseconds
:Sending Touch (ACTION_DOWN): 0:(776.0,645.0)
:Sending Touch (ACTION_UP): 0:(794.1985,642.4244)
Sleeping for 200 milliseconds
:Sending Touch (ACTION_DOWN): 0:(51.0,1714.0)
:Sending Touch (ACTION_UP): 0:(37.273434,1715.7013)
Sleeping for 200 milliseconds
    // Rejecting start of Intent { act=android.intent.action.VIEW pkg=com.baidu.haokan cmp=com.baidu.haokan/.external.push.PushActivity } in package com.baidu.haokan
    // Rejecting start of Intent { act=android.intent.action.VIEW pkg=com.baidu.haokan cmp=com.baidu.haokan/.external.push.PushActivity } in package com.baidu.haokan
:Sending Touch (ACTION_DOWN): 0:(848.0,1474.0)
:Sending Touch (ACTION_UP): 0:(854.2247,1471.9624)
Sleeping for 200 milliseconds
:Sending Touch (ACTION_DOWN): 0:(673.0,930.0)
:Sending Touch (ACTION_UP): 0:(674.5657,923.52325)
Sleeping for 200 milliseconds
:Sending Touch (ACTION_DOWN): 0:(555.0,725.0)
:Sending Touch (ACTION_UP): 0:(553.3978,723.87787)
Sleeping for 200 milliseconds
:Sending Touch (ACTION_DOWN): 0:(309.0,1127.0)
:Sending Touch (ACTION_UP): 0:(324.38214,1129.0364)
Sleeping for 200 milliseconds
    // Allowing start of Intent { cmp=com.alashow.live/com.readystatesoftware.chuck.internal.ui.MainActivity } in package com.alashow.live
    // Allowing start of Intent { cmp=com.alashow.live/com.readystatesoftware.chuck.internal.ui.MainActivity } in package com.alashow.live
:Sending Touch (ACTION_DOWN): 0:(864.0,1127.0)
:Sending Touch (ACTION_UP): 0:(862.8994,1119.2904)
Sleeping for 200 milliseconds
:Sending Touch (ACTION_DOWN): 0:(476.0,1828.0)
:Sending Touch (ACTION_UP): 0:(481.10684,1832.1914)
Sleeping for 200 milliseconds
:Sending Touch (ACTION_DOWN): 0:(270.0,1312.0)
:Sending Touch (ACTION_UP): 0:(278.15784,1320.0656)
Sleeping for 200 milliseconds
:Sending Touch (ACTION_DOWN): 0:(122.0,226.0)
:Sending Touch (ACTION_UP): 0:(125.09623,220.24416)
Sleeping for 200 milliseconds
:Sending Touch (ACTION_DOWN): 0:(438.0,1702.0)
:Sending Touch (ACTION_MOVE): 0:(448.4221,1703.6525)
:Sending Touch (ACTION_MOVE): 0:(448.53986,1705.9603)
:Sending Touch (ACTION_MOVE): 0:(451.3124,1707.2319)
:Sending Touch (ACTION_MOVE): 0:(452.89328,1710.2177)
:Sending Touch (ACTION_UP): 0:(455.75012,1711.602)
Sleeping for 200 milliseconds
    // Rejecting start of Intent { act=android.intent.action.VIEW dat=qb://ext/read?cid=MttTagSource&type=0&mttsummaryid=4515875054380300610&b_f=001837&bizid=1&contenturl=https://news.html5.qq.com/pusharticles/4515875054380300610?url=http%3A%2F%2Fkuaibao.qq.com%2Fs%2F20190521A09KM700&ch=001837&showKkattach=1&showDate=1&attachurl=https://zixun.html5.qq.com/coolread/kkattach?docId=4515875054380300610&dataSrc=76&tagId=0&tabId=0&ch=001837&pch=001830&showKkattach=1&ptplId=205&pstrategy=s1&purl=http%3A%2F%2Fkuaibao.qq.com%2Fs%2F20190521A09KM700&pdId=4515875054380300610&commenturl=&commentnum=&feedid=1_4515875054380300610&pullupexit=1&cardmode=1 pkg=com.tencent.mtt cmp=com.tencent.mtt/.MiPushDispatchActivity } in package com.tencent.mtt
    // Rejecting start of Intent { act=android.intent.action.VIEW dat=qb://ext/read?cid=MttTagSource&type=0&mttsummaryid=4515875054380300610&b_f=001837&bizid=1&contenturl=https://news.html5.qq.com/pusharticles/4515875054380300610?url=http%3A%2F%2Fkuaibao.qq.com%2Fs%2F20190521A09KM700&ch=001837&showKkattach=1&showDate=1&attachurl=https://zixun.html5.qq.com/coolread/kkattach?docId=4515875054380300610&dataSrc=76&tagId=0&tabId=0&ch=001837&pch=001830&showKkattach=1&ptplId=205&pstrategy=s1&purl=http%3A%2F%2Fkuaibao.qq.com%2Fs%2F20190521A09KM700&pdId=4515875054380300610&commenturl=&commentnum=&feedid=1_4515875054380300610&pullupexit=1&cardmode=1 pkg=com.tencent.mtt cmp=com.tencent.mtt/.MiPushDispatchActivity } in package com.tencent.mtt
:Sending Touch (ACTION_DOWN): 0:(518.0,2099.0)
:Sending Touch (ACTION_MOVE): 0:(527.7085,2099.6987)
:Sending Touch (ACTION_MOVE): 0:(540.12213,2100.178)
:Sending Touch (ACTION_MOVE): 0:(541.60846,2101.0667)
:Sending Touch (ACTION_MOVE): 0:(556.7689,2102.5203)
:Sending Touch (ACTION_UP): 0:(558.1296,2106.6533)
Sleeping for 200 milliseconds
:Sending Touch (ACTION_DOWN): 0:(689.0,1669.0)
:Sending Touch (ACTION_MOVE): 0:(687.8579,1654.8634)
:Sending Touch (ACTION_MOVE): 0:(683.90576,1635.562)
:Sending Touch (ACTION_UP): 0:(680.9449,1614.4265)
Sleeping for 200 milliseconds
:Sending Touch (ACTION_DOWN): 0:(114.0,1783.0)
:Sending Touch (ACTION_UP): 0:(132.44577,1779.9677)
Sleeping for 200 milliseconds
:Sending Touch (ACTION_DOWN): 0:(23.0,1121.0)
:Sending Touch (ACTION_UP): 0:(3.4493237,1117.3921)
Sleeping for 200 milliseconds
:Sending Touch (ACTION_DOWN): 0:(253.0,318.0)
:Sending Touch (ACTION_UP): 0:(264.00027,311.79852)
Sleeping for 200 milliseconds
:Sending Touch (ACTION_DOWN): 0:(355.0,1215.0)
    //[calendar_time:2019-05-21 15:29:49.538  system_uptime:523119584]
    // Sending event #400
:Sending Touch (ACTION_MOVE): 0:(375.8351,1233.3986)
:Sending Touch (ACTION_MOVE): 0:(380.4346,1244.9385)
:Sending Touch (ACTION_MOVE): 0:(390.3791,1261.5117)
:Sending Touch (ACTION_MOVE): 0:(408.65955,1265.2773)
:Sending Touch (ACTION_MOVE): 0:(413.9772,1269.281)
:Sending Touch (ACTION_UP): 0:(421.5699,1280.5944)
Sleeping for 200 milliseconds
:Sending Touch (ACTION_DOWN): 0:(1027.0,795.0)
:Sending Touch (ACTION_MOVE): 0:(1020.0222,798.6328)
:Sending Touch (ACTION_UP): 0:(1014.18176,815.6723)
Sleeping for 200 milliseconds
:Sending Touch (ACTION_DOWN): 0:(715.0,1224.0)
:Sending Touch (ACTION_UP): 0:(733.6452,1227.7043)
Sleeping for 200 milliseconds
:Sending Touch (ACTION_DOWN): 0:(638.0,355.0)
:Sending Touch (ACTION_UP): 0:(635.7045,359.71823)
Sleeping for 200 milliseconds
:Sending Touch (ACTION_DOWN): 0:(408.0,848.0)
:Sending Touch (ACTION_MOVE): 0:(410.56406,834.4818)
:Sending Touch (ACTION_MOVE): 0:(418.75214,822.6543)
:Sending Touch (ACTION_UP): 0:(423.51404,819.94763)
Sleeping for 200 milliseconds
:Sending Touch (ACTION_DOWN): 0:(762.0,72.0)
:Sending Touch (ACTION_UP): 0:(751.9571,77.81023)
Sleeping for 200 milliseconds
:Sending Touch (ACTION_DOWN): 0:(919.0,23.0)
:Sending Touch (ACTION_UP): 0:(925.3533,26.070992)
Sleeping for 200 milliseconds
:Sending Touch (ACTION_DOWN): 0:(885.0,1438.0)
:Sending Touch (ACTION_MOVE): 0:(882.9348,1437.0872)
:Sending Touch (ACTION_MOVE): 0:(881.42365,1426.1094)
:Sending Touch (ACTION_MOVE): 0:(878.819,1419.0847)
:Sending Touch (ACTION_UP): 0:(876.6224,1411.7074)
Sleeping for 200 milliseconds
    // Rejecting start of Intent { act=android.intent.action.VIEW dat=qb://ext/read?cid=MttTagSource&type=0&mttsummaryid=2840535986923483458&b_f=001837&bizid=1&contenturl=https://news.html5.qq.com/pusharticles/2840535986923483458?url=http%3A%2F%2Fkuaibao.qq.com%2Fs%2F20190521A06DC600&ch=001837&showKkattach=1&showDate=1&attachurl=https://zixun.html5.qq.com/coolread/kkattach?docId=2840535986923483458&dataSrc=76&tagId=0&tabId=0&ch=001837&pch=001830&showKkattach=1&ptplId=205&pstrategy=s1&purl=http%3A%2F%2Fkuaibao.qq.com%2Fs%2F20190521A06DC600&pdId=2840535986923483458&commenturl=&commentnum=&feedid=1_2840535986923483458&pullupexit=1&cardmode=1 pkg=com.tencent.mtt cmp=com.tencent.mtt/.MiPushDispatchActivity } in package com.tencent.mtt
    // Rejecting start of Intent { act=android.intent.action.VIEW dat=qb://ext/read?cid=MttTagSource&type=0&mttsummaryid=2840535986923483458&b_f=001837&bizid=1&contenturl=https://news.html5.qq.com/pusharticles/2840535986923483458?url=http%3A%2F%2Fkuaibao.qq.com%2Fs%2F20190521A06DC600&ch=001837&showKkattach=1&showDate=1&attachurl=https://zixun.html5.qq.com/coolread/kkattach?docId=2840535986923483458&dataSrc=76&tagId=0&tabId=0&ch=001837&pch=001830&showKkattach=1&ptplId=205&pstrategy=s1&purl=http%3A%2F%2Fkuaibao.qq.com%2Fs%2F20190521A06DC600&pdId=2840535986923483458&commenturl=&commentnum=&feedid=1_2840535986923483458&pullupexit=1&cardmode=1 pkg=com.tencent.mtt cmp=com.tencent.mtt/.MiPushDispatchActivity } in package com.tencent.mtt
:Sending Touch (ACTION_DOWN): 0:(77.0,663.0)
:Sending Touch (ACTION_UP): 0:(78.16393,663.0266)
Sleeping for 200 milliseconds
:Sending Touch (ACTION_DOWN): 0:(604.0,1844.0)
:Sending Touch (ACTION_UP): 0:(603.05054,1848.2356)
Sleeping for 200 milliseconds
    // Rejecting start of Intent { act=android.intent.action.VIEW pkg=com.baidu.haokan cmp=com.baidu.haokan/.external.push.PushActivity } in package com.baidu.haokan
    // Rejecting start of Intent { act=android.intent.action.VIEW pkg=com.baidu.haokan cmp=com.baidu.haokan/.external.push.PushActivity } in package com.baidu.haokan
:Sending Touch (ACTION_DOWN): 0:(466.0,538.0)
:Sending Touch (ACTION_MOVE): 0:(466.33026,538.8278)
:Sending Touch (ACTION_UP): 0:(466.89856,540.9895)
Sleeping for 200 milliseconds
:Sending Touch (ACTION_DOWN): 0:(122.0,1145.0)
:Sending Touch (ACTION_UP): 0:(121.64298,1129.5991)
Sleeping for 200 milliseconds
    // Rejecting start of Intent { dat=txvideo://v.qq.com/Html5Activity?openurl=https://v.qq.com/biu/app_push_article?id=882&push_msg_type=1&push_msg_src=1&sender=push&newtenvideo2=1&push_msg_seq=2360760&url=https://v.qq.com/biu/app_push_article?id=882 cmp=com.tencent.qqlive/.open.QQLiveOpenActivity } in package com.tencent.qqlive
    // Rejecting start of Intent { dat=txvideo://v.qq.com/Html5Activity?openurl=https://v.qq.com/biu/app_push_article?id=882&push_msg_type=1&push_msg_src=1&sender=push&newtenvideo2=1&push_msg_seq=2360760&url=https://v.qq.com/biu/app_push_article?id=882 cmp=com.tencent.qqlive/.open.QQLiveOpenActivity } in package com.tencent.qqlive
:Sending Touch (ACTION_DOWN): 0:(192.0,1242.0)
:Sending Touch (ACTION_UP): 0:(192.71458,1242.7258)
Sleeping for 200 milliseconds
:Sending Touch (ACTION_DOWN): 0:(581.0,1540.0)
:Sending Touch (ACTION_UP): 0:(583.55536,1535.511)
Sleeping for 200 milliseconds
    // Rejecting start of Intent { act=android.intent.action.VIEW dat=qb://ext/read?cid=MttTagSource&type=0&mttsummaryid=1219240036212934978&b_f=001837&bizid=1&contenturl=https://news.html5.qq.com/pusharticles/1219240036212934978?url=http%3A%2F%2Fkuaibao.qq.com%2Fs%2F20190521A00BX400&ch=001837&showKkattach=1&showDate=1&attachurl=https://zixun.html5.qq.com/coolread/kkattach?docId=1219240036212934978&dataSrc=76&tagId=0&tabId=0&ch=001837&pch=001830&showKkattach=1&ptplId=205&pstrategy=s1&purl=http%3A%2F%2Fkuaibao.qq.com%2Fs%2F20190521A00BX400&pdId=1219240036212934978&commenturl=&commentnum=&feedid=1_1219240036212934978&pullupexit=1&cardmode=1 pkg=com.tencent.mtt cmp=com.tencent.mtt/.MiPushDispatchActivity } in package com.tencent.mtt
    // Rejecting start of Intent { act=android.intent.action.VIEW dat=qb://ext/read?cid=MttTagSource&type=0&mttsummaryid=1219240036212934978&b_f=001837&bizid=1&contenturl=https://news.html5.qq.com/pusharticles/1219240036212934978?url=http%3A%2F%2Fkuaibao.qq.com%2Fs%2F20190521A00BX400&ch=001837&showKkattach=1&showDate=1&attachurl=https://zixun.html5.qq.com/coolread/kkattach?docId=1219240036212934978&dataSrc=76&tagId=0&tabId=0&ch=001837&pch=001830&showKkattach=1&ptplId=205&pstrategy=s1&purl=http%3A%2F%2Fkuaibao.qq.com%2Fs%2F20190521A00BX400&pdId=1219240036212934978&commenturl=&commentnum=&feedid=1_1219240036212934978&pullupexit=1&cardmode=1 pkg=com.tencent.mtt cmp=com.tencent.mtt/.MiPushDispatchActivity } in package com.tencent.mtt
:Sending Touch (ACTION_DOWN): 0:(108.0,686.0)
:Sending Touch (ACTION_UP): 0:(127.13446,695.85535)
Sleeping for 200 milliseconds
:Sending Touch (ACTION_DOWN): 0:(0.0,1691.0)
:Sending Touch (ACTION_UP): 0:(6.157976,1703.431)
Sleeping for 200 milliseconds
:Sending Touch (ACTION_DOWN): 0:(393.0,292.0)
:Sending Touch (ACTION_MOVE): 0:(390.18677,306.0906)
:Sending Touch (ACTION_MOVE): 0:(388.10944,322.77417)
:Sending Touch (ACTION_MOVE): 0:(386.11633,324.1197)
:Sending Touch (ACTION_MOVE): 0:(383.8091,345.51404)
:Sending Touch (ACTION_MOVE): 0:(381.61423,364.11823)
:Sending Touch (ACTION_MOVE): 0:(380.2229,382.67786)
:Sending Touch (ACTION_MOVE): 0:(378.07837,386.714)
:Sending Touch (ACTION_MOVE): 0:(377.35394,407.06613)
:Sending Touch (ACTION_MOVE): 0:(374.86554,423.355)
:Sending Touch (ACTION_UP): 0:(372.14163,428.80673)
Sleeping for 200 milliseconds
:Sending Touch (ACTION_DOWN): 0:(444.0,2012.0)
:Sending Touch (ACTION_UP): 0:(441.3348,2013.8811)
Sleeping for 200 milliseconds
:Sending Touch (ACTION_DOWN): 0:(902.0,2059.0)
:Sending Touch (ACTION_MOVE): 0:(901.8063,2063.4246)
:Sending Touch (ACTION_MOVE): 0:(901.6166,2077.4988)
:Sending Touch (ACTION_MOVE): 0:(901.0895,2092.2522)
:Sending Touch (ACTION_MOVE): 0:(900.75726,2098.6836)
:Sending Touch (ACTION_UP): 0:(900.1442,2106.0737)
Sleeping for 200 milliseconds
:Sending Touch (ACTION_DOWN): 0:(907.0,1700.0)
:Sending Touch (ACTION_UP): 0:(907.20557,1714.1099)
Sleeping for 200 milliseconds
:Sending Touch (ACTION_DOWN): 0:(502.0,1736.0)
:Sending Touch (ACTION_UP): 0:(496.8371,1750.8049)
Sleeping for 200 milliseconds
    // Rejecting start of Intent { act=news_push dat=https://cpu.baidu.com/... cmp=com.browser.oem/com.browser2345.BrowserActivity } in package com.browser.oem
    // Rejecting start of Intent { act=news_push dat=https://cpu.baidu.com/... cmp=com.browser.oem/com.browser2345.BrowserActivity } in package com.browser.oem
:Sending Touch (ACTION_DOWN): 0:(200.0,449.0)
:Sending Touch (ACTION_UP): 0:(198.19762,457.41812)
Sleeping for 200 milliseconds
    // Rejecting start of Intent { cmp=com.qiyi.video/org.qiyi.android.video.MainActivity } in package com.qiyi.video
    // Rejecting start of Intent { cmp=com.qiyi.video/org.qiyi.android.video.MainActivity } in package com.qiyi.video
:Sending Touch (ACTION_DOWN): 0:(531.0,668.0)
:Sending Touch (ACTION_UP): 0:(537.389,660.3313)
Sleeping for 200 milliseconds
:Sending Touch (ACTION_DOWN): 0:(483.0,1330.0)
:Sending Touch (ACTION_UP): 0:(468.34543,1327.1799)
Sleeping for 200 milliseconds
:Sending Touch (ACTION_DOWN): 0:(621.0,482.0)
:Sending Touch (ACTION_UP): 0:(614.2334,476.1128)
Sleeping for 200 milliseconds
:Sending Touch (ACTION_DOWN): 0:(723.0,989.0)
:Sending Touch (ACTION_MOVE): 0:(732.8866,989.83496)
:Sending Touch (ACTION_MOVE): 0:(734.69525,994.4952)
:Sending Touch (ACTION_MOVE): 0:(746.0389,997.4508)
:Sending Touch (ACTION_MOVE): 0:(766.0591,1003.5689)
:Sending Touch (ACTION_MOVE): 0:(776.25464,1009.0843)
:Sending Touch (ACTION_UP): 0:(789.5934,1009.91455)
Sleeping for 200 milliseconds
:Sending Touch (ACTION_DOWN): 0:(927.0,746.0)
:Sending Touch (ACTION_UP): 0:(923.78796,747.4817)
Sleeping for 200 milliseconds
:Sending Touch (ACTION_DOWN): 0:(838.0,785.0)
:Sending Touch (ACTION_UP): 0:(837.9025,789.16846)
Sleeping for 200 milliseconds
:Sending Touch (ACTION_DOWN): 0:(545.0,1785.0)
:Sending Touch (ACTION_UP): 0:(554.1381,1793.2783)
Sleeping for 200 milliseconds
    // Rejecting start of Intent { act=android.intent.action.VIEW dat=mibrowser://infoflow?web_url=https://newsdata.peopletech.cn/wap-news-mi-v2?type=normal&id=282c9c961c70bd63&lang=cn&miref=newsin_push_model&mifloat=newscat&docid=renminwang_282c9c961c70bd63&cp=cn-renminwang&itemtype=news&first_launch_web=true&channel=推荐 cmp=com.android.browser/.MiSchemeDispatcherActivity } in package com.android.browser
    // Rejecting start of Intent { act=android.intent.action.VIEW dat=mibrowser://infoflow?web_url=https://newsdata.peopletech.cn/wap-news-mi-v2?type=normal&id=282c9c961c70bd63&lang=cn&miref=newsin_push_model&mifloat=newscat&docid=renminwang_282c9c961c70bd63&cp=cn-renminwang&itemtype=news&first_launch_web=true&channel=推荐 cmp=com.android.browser/.MiSchemeDispatcherActivity } in package com.android.browser
:Sending Touch (ACTION_DOWN): 0:(473.0,1969.0)
:Sending Touch (ACTION_UP): 0:(477.43576,1972.7963)
Sleeping for 200 milliseconds
:Sending Touch (ACTION_DOWN): 0:(979.0,323.0)
:Sending Touch (ACTION_UP): 0:(979.0964,327.72934)
Sleeping for 200 milliseconds
:Sending Touch (ACTION_DOWN): 0:(773.0,280.0)
:Sending Touch (ACTION_MOVE): 0:(778.1176,288.79874)
:Sending Touch (ACTION_MOVE): 0:(779.8863,303.26407)
:Sending Touch (ACTION_UP): 0:(787.3951,307.35812)
Sleeping for 200 milliseconds
:Sending Touch (ACTION_DOWN): 0:(145.0,975.0)
:Sending Touch (ACTION_UP): 0:(153.42911,976.51404)
Sleeping for 200 milliseconds
:Sending Touch (ACTION_DOWN): 0:(61.0,1378.0)
:Sending Touch (ACTION_UP): 0:(57.24498,1382.3047)
Sleeping for 200 milliseconds
:Sending Touch (ACTION_DOWN): 0:(442.0,1603.0)
Events injected: 500
:Sending rotation degree=0, persist=false
:Dropped: keys=0 pointers=0 trackballs=0 flips=0 rotations=0
## Network stats: elapsed time=33532ms (0ms mobile, 0ms wifi, 33532ms not connected)
// Monkey finished
